# GRUB Configuration
default 0
timeout 5

# ---------------------------
title QTech OS (default)
serial --unit=0 --speed=115200 --word=8 --parity=no --stop=1
kernel /jnode32.gz mp=no kdb
module /default.jgz

# ---------------------------
title QTech OS (all plugins)
kernel /jnode32.gz mp=no
module /full.jgz

# ---------------------------
title QTech OS (minimal shell)
kernel /jnode32.gz mp=no
module /shell.jgz

# ---------------------------
title QTech OS GUI (all plugins)
kernel /jnode32.gz mp=no
module /fullgui.jgz

# ---------------------------
title QTech OS (all plugins) (VESA mode)
kernel /jnode32.gz mp=no fb
vbematch 800 600 32
module /full.jgz

# ---------------------------
# -- disabled
#title QTech OS (default with MP)
#kernel /jnode32.gz
#module /default.jgz

# ---------------------------
# -- disabled
#title QTech OS (all plugins with MP)
#kernel /jnode32.gz
#module /full.jgz

# ---------------------------
# -- disabled
title QTech OS GUI (all plugins with MP)
kernel /jnode32.gz
module /fullgui.jgz

# ---------------------------
# -- disabled
#title QTech OS via dhcp (default with MP)
#dhcp
#kernel (nd)/jnode32.gz
#module (nd)/default.jgz

# ---------------------------
# -- disabled
#title QTech OS via dhcp (all plugins with MP)
#dhcp
#kernel (nd)/jnode32.gz
#module (nd)/full.jgz

# ---------------------------
# -- disabled
#title QTech OS GUI via dhcp (all plugins with MP)
#dhcp
#kernel (nd)/jnode32.gz
#module (nd)/fullgui.jgz

# ---------------------------
# -- disabled
title QTech OS tests (all plugins + tests with MP)
kernel /jnode32.gz
module /tests.jgz

# ---------------------------
title QTech OS tests (all plugins + tests)
kernel /jnode32.gz mp=no
module /tests.jgz

# ---------------------------
# -- disabled
title QTech OS for AMD64 (development) (all plugins)
kernel /jnode64.gz mp=no
module /full.jgz

# ---------------------------
# -- disabled
title QTech OS for AMD64 (development) (all plugins with MP)
kernel /jnode64.gz
module /full.jgz

# ---------------------------
# -- disabled
title QTech OS Install
kernel /jnode32.gz
module /install.jgz

# ---------------------------
title QTech OS via dhcp (all plugins)
dhcp
kernel (nd)/jnode32.gz mp=no
module (nd)/full.jgz
